[debug] [2023-03-24T19:33:22.524Z] ----------------------------------------------------------------------
[debug] [2023-03-24T19:33:22.527Z] Command:       C:\Program Files\nodejs\node.exe C:\Users\Gavo\AppData\Roaming\npm\node_modules\firebase-tools\lib\bin\firebase.js login
[debug] [2023-03-24T19:33:22.528Z] CLI Version:   11.25.1
[debug] [2023-03-24T19:33:22.528Z] Platform:      win32
[debug] [2023-03-24T19:33:22.528Z] Node Version:  v18.14.2
[debug] [2023-03-24T19:33:22.529Z] Time:          Fri Mar 24 2023 16:33:22 GMT-0300 (hora estándar de Argentina)
[debug] [2023-03-24T19:33:22.529Z] ----------------------------------------------------------------------
[debug] 
[debug] [2023-03-24T19:33:22.533Z] >>> [apiv2][query] GET https://firebase-public.firebaseio.com/cli.json [none]
[info] Already logged in as ivangalvan93@gmail.com
[debug] [2023-03-24T19:33:23.407Z] <<< [apiv2][status] GET https://firebase-public.firebaseio.com/cli.json 200
[debug] [2023-03-24T19:33:23.409Z] <<< [apiv2][body] GET https://firebase-public.firebaseio.com/cli.json {"cloudBuildErrorAfter":1594252800000,"cloudBuildWarnAfter":1590019200000,"defaultNode10After":1594252800000,"minVersion":"3.0.5","node8DeploysDisabledAfter":1613390400000,"node8RuntimeDisabledAfter":1615809600000,"node8WarnAfter":1600128000000}
[debug] [2023-03-24T19:33:28.351Z] Error: Timed out.
    at Timeout._onTimeout (C:\Users\Gavo\AppData\Roaming\npm\node_modules\firebase-tools\lib\utils.js:253:49)
    at listOnTimeout (node:internal/timers:569:17)
    at process.processTimers (node:internal/timers:512:7)
[error] 
[error] Error: An unexpected error has occurred.
[debug] [2023-03-24T19:35:17.974Z] ----------------------------------------------------------------------
[debug] [2023-03-24T19:35:17.976Z] Command:       C:\Program Files\nodejs\node.exe C:\Users\Gavo\AppData\Roaming\npm\node_modules\firebase-tools\lib\bin\firebase.js init
[debug] [2023-03-24T19:35:17.976Z] CLI Version:   11.25.1
[debug] [2023-03-24T19:35:17.977Z] Platform:      win32
[debug] [2023-03-24T19:35:17.977Z] Node Version:  v18.14.2
[debug] [2023-03-24T19:35:17.978Z] Time:          Fri Mar 24 2023 16:35:17 GMT-0300 (hora estándar de Argentina)
[debug] [2023-03-24T19:35:17.978Z] ----------------------------------------------------------------------
[debug] 
[debug] [2023-03-24T19:35:17.990Z] > command requires scopes: ["email","openid","https://www.googleapis.com/auth/cloudplatformprojects.readonly","https://www.googleapis.com/auth/firebase","https://www.googleapis.com/auth/cloud-platform"]
[debug] [2023-03-24T19:35:17.990Z] > authorizing via signed-in user (ivangalvan93@gmail.com)
[info] 
     ######## #### ########  ######## ########     ###     ######  ########
     ##        ##  ##     ## ##       ##     ##  ##   ##  ##       ##
     ######    ##  ########  ######   ########  #########  ######  ######
     ##        ##  ##    ##  ##       ##     ## ##     ##       ## ##
     ##       #### ##     ## ######## ########  ##     ##  ######  ########

You're about to initialize a Firebase project in this directory:

  C:\Users\Gavo\Desktop\FrontAP-master

[info] 
=== Project Setup
[info] 
[info] First, let's associate this project directory with a Firebase project.
[info] You can create multiple project aliases by running firebase use --add, 
[info] but for now we'll just set up a default project.
[info] 
